<?xml version="1.0" encoding="UTF-8"?>
<!-- Generated by org.testng.reporters.JUnitReportReporter -->
<testsuite skipped="0" hostname="Pankaj" name="com.LinkedIn.TestLogin.verifyFindColleague$VerifySearchColleague" tests="1" failures="0" timestamp="14 Dec 2018 07:14:14 GMT" time="18.906" errors="0">
  <testcase name="searchcolleague" time="18.906" classname="com.LinkedIn.TestLogin.verifyFindColleague$VerifySearchColleague"/>
</testsuite> <!-- com.LinkedIn.TestLogin.verifyFindColleague$VerifySearchColleague -->
