<?xml version="1.0" encoding="UTF-8"?>
<!-- Generated by org.testng.reporters.JUnitReportReporter -->
<testsuite skipped="0" hostname="Pankaj" name="com.LinkedIn.TestLogin.VerifyLogin" tests="1" failures="0" timestamp="07 Jan 2019 06:42:25 GMT" time="131.262" errors="0">
  <testcase name="login" time="131.262" classname="com.LinkedIn.TestLogin.VerifyLogin"/>
</testsuite> <!-- com.LinkedIn.TestLogin.VerifyLogin -->
