<?xml version="1.0" encoding="UTF-8"?>
<!-- Generated by org.testng.reporters.JUnitReportReporter -->
<testsuite skipped="0" hostname="Pankaj" name="practicePackage.TestCode" tests="1" failures="0" timestamp="26 Nov 2018 09:37:51 GMT" time="43.020" errors="0">
  <testcase name="test" time="43.020" classname="practicePackage.TestCode"/>
</testsuite> <!-- practicePackage.TestCode -->
