<?xml version="1.0" encoding="UTF-8"?>
<!-- Generated by org.testng.reporters.JUnitReportReporter -->
<testsuite skipped="0" hostname="Pankaj" name="com.LinkedIn.TestHome.TestMyNetwork" tests="1" failures="0" timestamp="27 Nov 2018 08:42:36 GMT" time="0.008" errors="0">
  <testcase name="myNetwork" time="0.008" classname="com.LinkedIn.TestHome.TestMyNetwork"/>
</testsuite> <!-- com.LinkedIn.TestHome.TestMyNetwork -->
