<?xml version="1.0" encoding="UTF-8"?>
<!-- Generated by org.testng.reporters.JUnitReportReporter -->
<testsuite skipped="0" hostname="Pankaj" name="com.LinkedIn.TestLogin.verifyFogetPassword" tests="1" failures="0" timestamp="14 Dec 2018 07:14:14 GMT" time="16.784" errors="0">
  <testcase name="fogetPassword" time="16.784" classname="com.LinkedIn.TestLogin.verifyFogetPassword"/>
</testsuite> <!-- com.LinkedIn.TestLogin.verifyFogetPassword -->
