<?xml version="1.0" encoding="UTF-8"?>
<!-- Generated by org.testng.reporters.JUnitReportReporter -->
<testsuite skipped="0" hostname="del1-lhp-n02397" name="com.Regression.Regression_5" tests="1" failures="0" timestamp="01 Dec 2018 06:39:55 GMT" time="0.013" errors="0">
  <testcase name="display5" time="0.013" classname="com.Regression.Regression_5"/>
</testsuite> <!-- com.Regression.Regression_5 -->
