<?xml version="1.0" encoding="UTF-8"?>
<!-- Generated by org.testng.reporters.JUnitReportReporter -->
<testsuite skipped="0" hostname="del1-lhp-n02397" name="com.Regression.Regression_7" tests="1" failures="0" timestamp="27 Oct 2018 05:01:09 GMT" time="0.000" errors="0">
  <testcase name="display7" time="0.000" classname="com.Regression.Regression_7"/>
</testsuite> <!-- com.Regression.Regression_7 -->
